Arguments: 
  D:\Node\node.exe C:\Users\pc\AppData\Roaming\npm\node_modules\yarn\bin\yarn.js add react-native-image-picker

PATH: 
  C:\Program Files (x86)\Common Files\Oracle\Java\javapath;C:\Windows\system32;C:\Windows;C:\Windows\System32\Wbem;C:\Windows\System32\WindowsPowerShell\v1.0\;D:\Git\Git\cmd;C:\Program Files\TortoiseGit\bin;C:\SVN\bin;C:\RN\Microsoft VS Code\bin;D:\Node\;C:\Program Files\Java\jdk1.8.0_181\bin;C:\Users\pc\AppData\Local\Android\Sdk\tools;C:\Users\pc\AppData\Local\Android\Sdk\platform-tools;C:\Users\pc\AppData\Roaming\npm

Yarn version: 
  1.9.2

Node version: 
  8.11.3

Platform: 
  win32 x64

Trace: 
  Error: connect ETIMEDOUT 151.101.72.133:443
      at Object._errnoException (util.js:992:11)
      at _exceptionWithHostPort (util.js:1014:20)
      at TCPConnectWrap.afterConnect [as oncomplete] (net.js:1186:14)

npm manifest: 
  {
    "name": "qwe",
    "version": "0.0.1",
    "private": true,
    "scripts": {
      "start": "node node_modules/react-native/local-cli/cli.js start",
      "test": "jest"
    },
    "dependencies": {
      "native-base": "^2.2.0",
      "react": "16.0.0-alpha.6",
      "react-native": "0.44.2",
      "react-native-easy-grid": "^0.2.0",
      "react-navigation": "^1.0.0-beta.11"
    },
    "devDependencies": {
      "babel-jest": "20.0.3",
      "babel-preset-react-native": "1.9.2",
      "jest": "20.0.4",
      "react-test-renderer": "16.0.0-alpha.6"
    },
    "jest": {
      "preset": "react-native"
    }
  }

yarn manifest: 
  No manifest

Lockfile: 
  No lockfile
