#
# There is insufficient memory for the Java Runtime Environment to continue.
# Native memory allocation (malloc) failed to allocate 32744 bytes for ChunkPool::allocate
# Possible reasons:
#   The system is out of physical RAM or swap space
#   In 32 bit mode, the process size limit was hit
# Possible solutions:
#   Reduce memory load on the system
#   Increase physical memory or swap space
#   Check if swap backing store is full
#   Use 64 bit Java on a 64 bit OS
#   Decrease Java heap size (-Xmx/-Xms)
#   Decrease number of Java threads
#   Decrease Java thread stack sizes (-Xss)
#   Set larger code cache with -XX:ReservedCodeCacheSize=
# This output file may be truncated or incomplete.
#
#  Out of Memory Error (allocation.cpp:273), pid=16760, tid=0x0000000000000b80
#
# JRE version: Java(TM) SE Runtime Environment (8.0_181-b13) (build 1.8.0_181-b13)
# Java VM: Java HotSpot(TM) 64-Bit Server VM (25.181-b13 mixed mode windows-amd64 compressed oops)
# Failed to write core dump. Minidumps are not enabled by default on client versions of Windows
#

---------------  T H R E A D  ---------------

Current thread (0x0000000058568000):  JavaThread "C2 CompilerThread1" daemon [_thread_in_native, id=2944, stack(0x0000000058e70000,0x0000000058f70000)]

Stack: [0x0000000058e70000,0x0000000058f70000]
[error occurred during error reporting (printing stack bounds), id 0xc0000005]

Native frames: (J=compiled Java code, j=interpreted, Vv=VM code, C=native code)


Current CompileTask:
C2:  41292 11041       4       java.lang.AbstractStringBuilder::append (54 bytes)


---------------  P R O C E S S  ---------------

Java Threads: ( => current thread )
  0x000000005c970000 JavaThread "Forward streams with process: command 'C:\Program Files\Java\jdk1.8.0_181\bin\java.exe' Thread 3" [_thread_in_native, id=26584, stack(0x0000000067200000,0x0000000067300000)]
  0x000000005c970800 JavaThread "Forward streams with process: command 'C:\Program Files\Java\jdk1.8.0_181\bin\java.exe' Thread 2" [_thread_in_native, id=26040, stack(0x0000000066c00000,0x0000000066d00000)]
  0x000000005c28c000 JavaThread "Forward streams with process: command 'C:\Program Files\Java\jdk1.8.0_181\bin\java.exe'" [_thread_blocked, id=18888, stack(0x00000000663c0000,0x00000000664c0000)]
  0x000000005c287800 JavaThread "Run command 'C:\Program Files\Java\jdk1.8.0_181\bin\java.exe'" [_thread_in_native, id=17116, stack(0x0000000065660000,0x0000000065760000)]
  0x000000005c973800 JavaThread "Forward streams with process: command 'C:\Program Files\Java\jdk1.8.0_181\bin\java.exe' Thread 2" [_thread_in_native, id=9140, stack(0x0000000066790000,0x0000000066890000)]
  0x000000005c972000 JavaThread "Forward streams with process: command 'C:\Program Files\Java\jdk1.8.0_181\bin\java.exe'" [_thread_in_native, id=17576, stack(0x00000000664f0000,0x00000000665f0000)]
  0x000000005c971800 JavaThread "Run command 'C:\Program Files\Java\jdk1.8.0_181\bin\java.exe'" [_thread_in_native, id=14388, stack(0x0000000065ba0000,0x0000000065ca0000)]
  0x000000005c288800 JavaThread "Forward streams with process: command 'C:\Program Files\Java\jdk1.8.0_181\bin\java.exe' Thread 3" [_thread_in_native, id=10388, stack(0x0000000066640000,0x0000000066740000)]
  0x000000005c287000 JavaThread "Forward streams with process: command 'C:\Program Files\Java\jdk1.8.0_181\bin\java.exe' Thread 2" [_thread_in_native, id=17724, stack(0x0000000065fc0000,0x00000000660c0000)]
  0x000000005c28a800 JavaThread "Forward streams with process: command 'C:\Program Files\Java\jdk1.8.0_181\bin\java.exe'" [_thread_blocked, id=18612, stack(0x0000000066270000,0x0000000066370000)]
  0x000000005c286000 JavaThread "Run command 'C:\Program Files\Java\jdk1.8.0_181\bin\java.exe'" [_thread_in_native, id=17332, stack(0x0000000065a80000,0x0000000065b80000)]
  0x000000005c974800 JavaThread "Forward streams with process: command 'C:\Program Files\Java\jdk1.8.0_181\bin\java.exe' Thread 3" [_thread_in_native, id=21612, stack(0x0000000067030000,0x0000000067130000)]
  0x000000005c289000 JavaThread "Forward streams with process: command 'C:\Program Files\Java\jdk1.8.0_181\bin\java.exe' Thread 2" [_thread_in_native, id=22052, stack(0x00000000668d0000,0x00000000669d0000)]
  0x000000005c28d000 JavaThread "Forward streams with process: command 'C:\Program Files\Java\jdk1.8.0_181\bin\java.exe'" [_thread_blocked, id=18512, stack(0x00000000669d0000,0x0000000066ad0000)]
  0x000000005c28a000 JavaThread "Run command 'C:\Program Files\Java\jdk1.8.0_181\bin\java.exe'" [_thread_in_native, id=18452, stack(0x0000000065ca0000,0x0000000065da0000)]
  0x000000005fef2800 JavaThread "pool-4-thread-4" [_thread_blocked, id=26320, stack(0x0000000065760000,0x0000000065860000)]
  0x000000005fef2000 JavaThread "pool-4-thread-3" [_thread_blocked, id=23844, stack(0x0000000065510000,0x0000000065610000)]
  0x000000005fef1000 JavaThread "pool-4-thread-1" [_thread_blocked, id=24572, stack(0x000000005d550000,0x000000005d650000)]
  0x000000005fef0800 JavaThread "pool-4-thread-2" [_thread_blocked, id=23800, stack(0x0000000063b10000,0x0000000063c10000)]
  0x000000005feef800 JavaThread "pool-3-thread-4" [_thread_blocked, id=17652, stack(0x00000000653c0000,0x00000000654c0000)]
  0x000000005feef000 JavaThread "pool-3-thread-3" [_thread_blocked, id=20876, stack(0x0000000062b80000,0x0000000062c80000)]
  0x000000005feee000 JavaThread "pool-3-thread-2" [_thread_blocked, id=12980, stack(0x00000000651f0000,0x00000000652f0000)]
  0x000000005feed800 JavaThread "pool-3-thread-1" [_thread_blocked, id=22164, stack(0x000000005f9f0000,0x000000005faf0000)]
  0x000000005ca36800 JavaThread "File lock request listener" [_thread_in_native, id=14260, stack(0x000000005d280000,0x000000005d380000)]
  0x000000005c265800 JavaThread "pool-1-thread-1" [_thread_blocked, id=20900, stack(0x000000005a6d0000,0x000000005a7d0000)]
  0x00000000585df000 JavaThread "Service Thread" daemon [_thread_blocked, id=14428, stack(0x0000000059210000,0x0000000059310000)]
  0x0000000058569800 JavaThread "C1 CompilerThread2" daemon [_thread_in_vm, id=20316, stack(0x0000000058f70000,0x0000000059070000)]
=>0x0000000058568000 JavaThread "C2 CompilerThread1" daemon [_thread_in_native, id=2944, stack(0x0000000058e70000,0x0000000058f70000)]
  0x00000000570fb000 JavaThread "C2 CompilerThread0" daemon [_thread_blocked, id=19244, stack(0x0000000058cb0000,0x0000000058db0000)]
  0x0000000058542800 JavaThread "Attach Listener" daemon [_thread_blocked, id=21168, stack(0x0000000058990000,0x0000000058a90000)]
  0x00000000570f4000 JavaThread "Signal Dispatcher" daemon [_thread_blocked, id=20648, stack(0x0000000058af0000,0x0000000058bf0000)]
  0x00000000570dc000 JavaThread "Finalizer" daemon [_thread_blocked, id=24444, stack(0x0000000058430000,0x0000000058530000)]
  0x0000000057093000 JavaThread "Reference Handler" daemon [_thread_blocked, id=21396, stack(0x00000000582b0000,0x00000000583b0000)]
  0x00000000020be800 JavaThread "main" [_thread_in_vm, id=22416, stack(0x0000000002340000,0x0000000002440000)]

Other Threads:
  0x000000005708b800 VMThread [stack: 0x00000000580d0000,0x00000000581d0000] [id=20240]
  0x0000000058603800 WatcherThread [stack: 0x0000000059360000,0x0000000059460000] [id=21372]

VM state:not at safepoint (normal execution)

VM Mutex/Monitor currently owned by a thread: None

Heap:
 PSYoungGen      total 544256K, used 130567K [0x00000000d5e00000, 0x0000000100000000, 0x0000000100000000)
  eden space 514560K, 22% used [0x00000000d5e00000,0x00000000dccfe408,0x00000000f5480000)
  from space 29696K, 56% used [0x00000000f5480000,0x00000000f6503960,0x00000000f7180000)
  to   space 29184K, 0% used [0x00000000fe380000,0x00000000fe380000,0x0000000100000000)
 ParOldGen       total 126464K, used 75819K [0x0000000081a00000, 0x0000000089580000, 0x00000000d5e00000)
  object space 126464K, 59% used [0x0000000081a00000,0x000000008640af88,0x0000000089580000)
 Metaspace       used 61958K, capacity 63968K, committed 64128K, reserved 1105920K
  class space    used 8001K, capacity 8493K, committed 8576K, reserved 1048576K

Card table byte_map: [0x0000000011800000,0x0000000011c00000] byte_map_base: 0x00000000113f3000

Marking Bits: (ParMarkBitMap*) 0x000000005b252d00
 Begin Bits: [0x00000000123d0000, 0x0000000014368000)
 End Bits:   [0x0000000014368000, 0x0000000016300000)

Polling page: 0x0000000000110000

CodeCache: size=245760Kb used=30247Kb max_used=32762Kb free=215512Kb
 bounds [0x0000000002440000, 0x0000000004470000, 0x0000000011440000]
 total_blobs=9799 nmethods=9037 adapters=673
 compilation: enabled

Compilation events (10 events):
Event: 41.265 Thread 0x0000000058569800 11035       1       java.lang.StackTraceElement::getLineNumber (5 bytes)
Event: 41.265 Thread 0x0000000058569800 nmethod 11035 0x00000000037aaf10 code [0x00000000037ab060, 0x00000000037ab170]
Event: 41.266 Thread 0x0000000058569800 11036       1       java.lang.StackTraceElement::getFileName (5 bytes)
Event: 41.266 Thread 0x0000000058569800 nmethod 11036 0x00000000038d2b50 code [0x00000000038d2ca0, 0x00000000038d2db0]
Event: 41.267 Thread 0x0000000058569800 11037       1       java.lang.StackTraceElement::getClassName (5 bytes)
Event: 41.267 Thread 0x0000000058569800 nmethod 11037 0x00000000041f8dd0 code [0x00000000041f8f20, 0x00000000041f9030]
Event: 41.268 Thread 0x00000000570fb000 11039   !   4       java.util.zip.ZipFile$ZipFileInflaterInputStream::close (67 bytes)
Event: 41.268 Thread 0x0000000058569800 11038       3       org.codehaus.groovy.runtime.StackTraceUtils::isApplicationClass (84 bytes)
Event: 41.268 Thread 0x0000000058569800 nmethod 11038 0x0000000002bbd810 code [0x0000000002bbda00, 0x0000000002bbe2f8]
Event: 41.275 Thread 0x0000000058568000 11041       4       java.lang.AbstractStringBuilder::append (54 bytes)

GC Heap History (10 events):
Event: 7.931 GC heap before
{Heap before GC invocations=12 (full 2):
 PSYoungGen      total 254464K, used 254463K [0x00000000d5e00000, 0x00000000ee400000, 0x0000000100000000)
  eden space 240128K, 100% used [0x00000000d5e00000,0x00000000e4880000,0x00000000e4880000)
  from space 14336K, 99% used [0x00000000e4880000,0x00000000e567ffa0,0x00000000e5680000)
  to   space 17920K, 0% used [0x00000000ed280000,0x00000000ed280000,0x00000000ee400000)
 ParOldGen       total 64512K, used 23008K [0x0000000081a00000, 0x0000000085900000, 0x00000000d5e00000)
  object space 64512K, 35% used [0x0000000081a00000,0x0000000083078240,0x0000000085900000)
 Metaspace       used 49266K, capacity 50864K, committed 51200K, reserved 1093632K
  class space    used 6642K, capacity 7085K, committed 7168K, reserved 1048576K
Event: 7.951 GC heap after
Heap after GC invocations=12 (full 2):
 PSYoungGen      total 375808K, used 17888K [0x00000000d5e00000, 0x00000000eea80000, 0x0000000100000000)
  eden space 357888K, 0% used [0x00000000d5e00000,0x00000000d5e00000,0x00000000ebb80000)
  from space 17920K, 99% used [0x00000000ed280000,0x00000000ee3f8210,0x00000000ee400000)
  to   space 23552K, 0% used [0x00000000ebb80000,0x00000000ebb80000,0x00000000ed280000)
 ParOldGen       total 64512K, used 31420K [0x0000000081a00000, 0x0000000085900000, 0x00000000d5e00000)
  object space 64512K, 48% used [0x0000000081a00000,0x00000000838af028,0x0000000085900000)
 Metaspace       used 49266K, capacity 50864K, committed 51200K, reserved 1093632K
  class space    used 6642K, capacity 7085K, committed 7168K, reserved 1048576K
}
Event: 10.523 GC heap before
{Heap before GC invocations=13 (full 2):
 PSYoungGen      total 375808K, used 375776K [0x00000000d5e00000, 0x00000000eea80000, 0x0000000100000000)
  eden space 357888K, 100% used [0x00000000d5e00000,0x00000000ebb80000,0x00000000ebb80000)
  from space 17920K, 99% used [0x00000000ed280000,0x00000000ee3f8210,0x00000000ee400000)
  to   space 23552K, 0% used [0x00000000ebb80000,0x00000000ebb80000,0x00000000ed280000)
 ParOldGen       total 64512K, used 31420K [0x0000000081a00000, 0x0000000085900000, 0x00000000d5e00000)
  object space 64512K, 48% used [0x0000000081a00000,0x00000000838af028,0x0000000085900000)
 Metaspace       used 51547K, capacity 53480K, committed 53760K, reserved 1095680K
  class space    used 6919K, capacity 7395K, committed 7424K, reserved 1048576K
Event: 10.545 GC heap after
Heap after GC invocations=13 (full 2):
 PSYoungGen      total 381440K, used 12118K [0x00000000d5e00000, 0x00000000f8b00000, 0x0000000100000000)
  eden space 357888K, 0% used [0x00000000d5e00000,0x00000000d5e00000,0x00000000ebb80000)
  from space 23552K, 51% used [0x00000000ebb80000,0x00000000ec7559f8,0x00000000ed280000)
  to   space 22528K, 0% used [0x00000000f7500000,0x00000000f7500000,0x00000000f8b00000)
 ParOldGen       total 64512K, used 49246K [0x0000000081a00000, 0x0000000085900000, 0x00000000d5e00000)
  object space 64512K, 76% used [0x0000000081a00000,0x0000000084a17a38,0x0000000085900000)
 Metaspace       used 51547K, capacity 53480K, committed 53760K, reserved 1095680K
  class space    used 6919K, capacity 7395K, committed 7424K, reserved 1048576K
}
Event: 16.093 GC heap before
{Heap before GC invocations=14 (full 2):
 PSYoungGen      total 381440K, used 324749K [0x00000000d5e00000, 0x00000000f8b00000, 0x0000000100000000)
  eden space 357888K, 87% used [0x00000000d5e00000,0x00000000e8f4da58,0x00000000ebb80000)
  from space 23552K, 51% used [0x00000000ebb80000,0x00000000ec7559f8,0x00000000ed280000)
  to   space 22528K, 0% used [0x00000000f7500000,0x00000000f7500000,0x00000000f8b00000)
 ParOldGen       total 64512K, used 49246K [0x0000000081a00000, 0x0000000085900000, 0x00000000d5e00000)
  object space 64512K, 76% used [0x0000000081a00000,0x0000000084a17a38,0x0000000085900000)
 Metaspace       used 57101K, capacity 59040K, committed 59136K, reserved 1099776K
  class space    used 7461K, capacity 7925K, committed 7936K, reserved 1048576K
Event: 16.119 GC heap after
Heap after GC invocations=14 (full 2):
 PSYoungGen      total 537088K, used 22507K [0x00000000d5e00000, 0x00000000f8e80000, 0x0000000100000000)
  eden space 514560K, 0% used [0x00000000d5e00000,0x00000000d5e00000,0x00000000f5480000)
  from space 22528K, 99% used [0x00000000f7500000,0x00000000f8afaf00,0x00000000f8b00000)
  to   space 29696K, 0% used [0x00000000f5480000,0x00000000f5480000,0x00000000f7180000)
 ParOldGen       total 64512K, used 60405K [0x0000000081a00000, 0x0000000085900000, 0x00000000d5e00000)
  object space 64512K, 93% used [0x0000000081a00000,0x00000000854fd5f8,0x0000000085900000)
 Metaspace       used 57101K, capacity 59040K, committed 59136K, reserved 1099776K
  class space    used 7461K, capacity 7925K, committed 7936K, reserved 1048576K
}
Event: 16.119 GC heap before
{Heap before GC invocations=15 (full 3):
 PSYoungGen      total 537088K, used 22507K [0x00000000d5e00000, 0x00000000f8e80000, 0x0000000100000000)
  eden space 514560K, 0% used [0x00000000d5e00000,0x00000000d5e00000,0x00000000f5480000)
  from space 22528K, 99% used [0x00000000f7500000,0x00000000f8afaf00,0x00000000f8b00000)
  to   space 29696K, 0% used [0x00000000f5480000,0x00000000f5480000,0x00000000f7180000)
 ParOldGen       total 64512K, used 60405K [0x0000000081a00000, 0x0000000085900000, 0x00000000d5e00000)
  object space 64512K, 93% used [0x0000000081a00000,0x00000000854fd5f8,0x0000000085900000)
 Metaspace       used 57101K, capacity 59040K, committed 59136K, reserved 1099776K
  class space    used 7461K, capacity 7925K, committed 7936K, reserved 1048576K
Event: 16.375 GC heap after
Heap after GC invocations=15 (full 3):
 PSYoungGen      total 537088K, used 12614K [0x00000000d5e00000, 0x00000000f8e80000, 0x0000000100000000)
  eden space 514560K, 0% used [0x00000000d5e00000,0x00000000d5e00000,0x00000000f5480000)
  from space 22528K, 55% used [0x00000000f7500000,0x00000000f81518f8,0x00000000f8b00000)
  to   space 29696K, 0% used [0x00000000f5480000,0x00000000f5480000,0x00000000f7180000)
 ParOldGen       total 126464K, used 63937K [0x0000000081a00000, 0x0000000089580000, 0x00000000d5e00000)
  object space 126464K, 50% used [0x0000000081a00000,0x0000000085870718,0x0000000089580000)
 Metaspace       used 57101K, capacity 59040K, committed 59136K, reserved 1099776K
  class space    used 7461K, capacity 7925K, committed 7936K, reserved 1048576K
}
Event: 20.812 GC heap before
{Heap before GC invocations=16 (full 3):
 PSYoungGen      total 537088K, used 527174K [0x00000000d5e00000, 0x00000000f8e80000, 0x0000000100000000)
  eden space 514560K, 100% used [0x00000000d5e00000,0x00000000f5480000,0x00000000f5480000)
  from space 22528K, 55% used [0x00000000f7500000,0x00000000f81518f8,0x00000000f8b00000)
  to   space 29696K, 0% used [0x00000000f5480000,0x00000000f5480000,0x00000000f7180000)
 ParOldGen       total 126464K, used 63937K [0x0000000081a00000, 0x0000000089580000, 0x00000000d5e00000)
  object space 126464K, 50% used [0x0000000081a00000,0x0000000085870718,0x0000000089580000)
 Metaspace       used 61841K, capacity 63828K, committed 64128K, reserved 1105920K
  class space    used 7986K, capacity 8491K, committed 8576K, reserved 1048576K
Event: 20.839 GC heap after
Heap after GC invocations=16 (full 3):
 PSYoungGen      total 544256K, used 16910K [0x00000000d5e00000, 0x0000000100000000, 0x0000000100000000)
  eden space 514560K, 0% used [0x00000000d5e00000,0x00000000d5e00000,0x00000000f5480000)
  from space 29696K, 56% used [0x00000000f5480000,0x00000000f6503960,0x00000000f7180000)
  to   space 29184K, 0% used [0x00000000fe380000,0x00000000fe380000,0x0000000100000000)
 ParOldGen       total 126464K, used 75819K [0x0000000081a00000, 0x0000000089580000, 0x00000000d5e00000)
  object space 126464K, 59% used [0x0000000081a00000,0x000000008640af88,0x0000000089580000)
 Metaspace       used 61841K, capacity 63828K, committed 64128K, reserved 1105920K
  class space    used 7986K, capacity 8491K, committed 8576K, reserved 1048576K
}

Deoptimization events (10 events):
Event: 18.430 Thread 0x000000005fef1000 Uncommon trap: reason=class_check action=maybe_recompile pc=0x00000000039fb3f0 method=org.gradle.util.CollectionUtils.join(Ljava/lang/String;Ljava/lang/Iterable;)Ljava/lang/String; @ 37
Event: 18.430 Thread 0x000000005fef2800 Uncommon trap: reason=class_check action=maybe_recompile pc=0x00000000039fb3f0 method=org.gradle.util.CollectionUtils.join(Ljava/lang/String;Ljava/lang/Iterable;)Ljava/lang/String; @ 37
Event: 18.431 Thread 0x000000005fef0800 Uncommon trap: reason=class_check action=maybe_recompile pc=0x00000000039fb3f0 method=org.gradle.util.CollectionUtils.join(Ljava/lang/String;Ljava/lang/Iterable;)Ljava/lang/String; @ 37
Event: 18.434 Thread 0x000000005fef2000 Uncommon trap: reason=class_check action=maybe_recompile pc=0x00000000039fb3f0 method=org.gradle.util.CollectionUtils.join(Ljava/lang/String;Ljava/lang/Iterable;)Ljava/lang/String; @ 37
Event: 19.454 Thread 0x000000005fef2000 Uncommon trap: reason=unstable_if action=reinterpret pc=0x0000000002d10a00 method=java.util.HashMap$HashIterator.<init>(Ljava/util/HashMap;)V @ 45
Event: 20.073 Thread 0x000000005c286000 Uncommon trap: reason=speculate_class_check action=maybe_recompile pc=0x0000000003bf5a58 method=java.util.HashMap.putVal(ILjava/lang/Object;Ljava/lang/Object;ZZ)Ljava/lang/Object; @ 152
Event: 20.073 Thread 0x000000005c286000 Uncommon trap: reason=speculate_class_check action=maybe_recompile pc=0x0000000003bf5a58 method=java.util.HashMap.putVal(ILjava/lang/Object;Ljava/lang/Object;ZZ)Ljava/lang/Object; @ 152
Event: 25.950 Thread 0x000000005feed800 Uncommon trap: reason=speculate_class_check action=maybe_recompile pc=0x00000000037abe4c method=java.util.HashMap.putVal(ILjava/lang/Object;Ljava/lang/Object;ZZ)Ljava/lang/Object; @ 295
Event: 25.991 Thread 0x000000005c286000 Uncommon trap: reason=speculate_class_check action=maybe_recompile pc=0x00000000037abe4c method=java.util.HashMap.putVal(ILjava/lang/Object;Ljava/lang/Object;ZZ)Ljava/lang/Object; @ 295
Event: 41.167 Thread 0x00000000020be800 Uncommon trap: reason=class_check action=maybe_recompile pc=0x0000000002e383ec method=java.lang.Throwable.<init>(Ljava/lang/String;Ljava/lang/Throwable;)V @ 24

Classes redefined (0 events):
No events

Internal exceptions (10 events):
Event: 16.498 Thread 0x00000000020be800 Exception <a 'java/lang/ArrayIndexOutOfBoundsException'> (0x00000000d6d0b800) thrown at [C:\re\workspace\8-2-build-windows-amd64-cygwin\jdk8u181\11358\hotspot\src\share\vm\runtime\sharedRuntime.cpp, line 605]
Event: 16.503 Thread 0x00000000020be800 Exception <a 'java/lang/ArrayIndexOutOfBoundsException'> (0x00000000d6d82780) thrown at [C:\re\workspace\8-2-build-windows-amd64-cygwin\jdk8u181\11358\hotspot\src\share\vm\runtime\sharedRuntime.cpp, line 605]
Event: 16.506 Thread 0x00000000020be800 Exception <a 'java/lang/ArrayIndexOutOfBoundsException'> (0x00000000d6df8298) thrown at [C:\re\workspace\8-2-build-windows-amd64-cygwin\jdk8u181\11358\hotspot\src\share\vm\runtime\sharedRuntime.cpp, line 605]
Event: 16.507 Thread 0x00000000020be800 Exception <a 'java/lang/ArrayIndexOutOfBoundsException'> (0x00000000d6dfeb38) thrown at [C:\re\workspace\8-2-build-windows-amd64-cygwin\jdk8u181\11358\hotspot\src\share\vm\runtime\sharedRuntime.cpp, line 605]
Event: 16.507 Thread 0x00000000020be800 Exception <a 'java/lang/ArrayIndexOutOfBoundsException'> (0x00000000d6e009d0) thrown at [C:\re\workspace\8-2-build-windows-amd64-cygwin\jdk8u181\11358\hotspot\src\share\vm\runtime\sharedRuntime.cpp, line 605]
Event: 18.252 Thread 0x00000000020be800 Implicit null exception at 0x0000000004041108 to 0x00000000040425f5
Event: 18.252 Thread 0x00000000020be800 Implicit null exception at 0x000000000409654c to 0x00000000040967ad
Event: 18.307 Thread 0x00000000020be800 Implicit null exception at 0x0000000004039748 to 0x000000000403a1e9
Event: 18.321 Thread 0x00000000020be800 Implicit null exception at 0x0000000003e736e3 to 0x0000000003e73d01
Event: 41.167 Thread 0x00000000020be800 Exception <a 'java/lang/reflect/InvocationTargetException'> (0x00000000dbfd7e00) thrown at [C:\re\workspace\8-2-build-windows-amd64-cygwin\jdk8u181\11358\hotspot\src\share\vm\runtime\reflection.cpp, line 1092]

Events (10 events):
Event: 41.274 loading class com/google/common/cache/LocalCache$Values
Event: 41.274 loading class com/google/common/cache/LocalCache$Values done
Event: 41.275 loading class com/google/common/cache/LocalCache$ValueIterator
Event: 41.275 loading class com/google/common/cache/LocalCache$ValueIterator done
Event: 41.275 loading class com/google/common/cache/LocalCache$HashIterator
Event: 41.275 loading class com/google/common/cache/LocalCache$HashIterator done
Event: 41.275 loading class com/google/common/cache/LocalCache$WriteThroughEntry
Event: 41.275 loading class com/google/common/cache/LocalCache$WriteThroughEntry done
Event: 41.276 loading class com/google/wireless/android/sdk/stats/AndroidStudioStats$AndroidStudioEvent
Event: 41.276 loading class com/google/wireless/android/sdk/stats/AndroidStudioStats$AndroidStudioEvent done


Dynamic libraries:
0x000000013f3d0000 - 0x000000013f407000 	C:\Program Files\Java\jdk1.8.0_181\bin\java.exe
0x0000000077340000 - 0x00000000774df000 	C:\Windows\SYSTEM32\ntdll.dll
0x0000000077120000 - 0x000000007723f000 	C:\Windows\system32\kernel32.dll
0x000007fefd2a0000 - 0x000007fefd30a000 	C:\Windows\system32\KERNELBASE.dll
0x000007feff550000 - 0x000007feff62b000 	C:\Windows\system32\ADVAPI32.dll
0x000007fefd520000 - 0x000007fefd5bf000 	C:\Windows\system32\msvcrt.dll
0x000007fefd5c0000 - 0x000007fefd5df000 	C:\Windows\SYSTEM32\sechost.dll
0x000007fefd3f0000 - 0x000007fefd51d000 	C:\Windows\system32\RPCRT4.dll
0x0000000077240000 - 0x000000007733a000 	C:\Windows\system32\USER32.dll
0x000007feff4e0000 - 0x000007feff547000 	C:\Windows\system32\GDI32.dll
0x000007fefeab0000 - 0x000007fefeabe000 	C:\Windows\system32\LPK.dll
0x000007fefdc50000 - 0x000007fefdd1b000 	C:\Windows\system32\USP10.dll
0x000007fefba60000 - 0x000007fefbc54000 	C:\Windows\WinSxS\amd64_microsoft.windows.common-controls_6595b64144ccf1df_6.0.7601.23403_none_e36ad4593102f066\COMCTL32.dll
0x000007fefebf0000 - 0x000007fefec61000 	C:\Windows\system32\SHLWAPI.dll
0x000007fefd5f0000 - 0x000007fefd61e000 	C:\Windows\system32\IMM32.DLL
0x000007feff1f0000 - 0x000007feff2f9000 	C:\Windows\system32\MSCTF.dll
0x000000005d470000 - 0x000000005d542000 	C:\Program Files\Java\jdk1.8.0_181\jre\bin\msvcr100.dll
0x000000005aa30000 - 0x000000005b2d2000 	C:\Program Files\Java\jdk1.8.0_181\jre\bin\server\jvm.dll
0x000007fefa890000 - 0x000007fefa899000 	C:\Windows\system32\WSOCK32.dll
0x000007fefeac0000 - 0x000007fefeb0d000 	C:\Windows\system32\WS2_32.dll
0x000007fefd5e0000 - 0x000007fefd5e8000 	C:\Windows\system32\NSI.dll
0x000007fefab90000 - 0x000007fefabcb000 	C:\Windows\system32\WINMM.dll
0x000007fefc0f0000 - 0x000007fefc0fc000 	C:\Windows\system32\VERSION.dll
0x00000000774e0000 - 0x00000000774e7000 	C:\Windows\system32\PSAPI.DLL
0x0000000066da0000 - 0x0000000066daf000 	C:\Program Files\Java\jdk1.8.0_181\jre\bin\verify.dll
0x000000005d6a0000 - 0x000000005d6c9000 	C:\Program Files\Java\jdk1.8.0_181\jre\bin\java.dll
0x000000005f160000 - 0x000000005f176000 	C:\Program Files\Java\jdk1.8.0_181\jre\bin\zip.dll
0x000007fefdd20000 - 0x000007fefeaaa000 	C:\Windows\system32\SHELL32.dll
0x000007fefd9b0000 - 0x000007fefdbad000 	C:\Windows\system32\ole32.dll
0x000007fefd020000 - 0x000007fefd02f000 	C:\Windows\system32\profapi.dll
0x000000005fb60000 - 0x000000005fb7a000 	C:\Program Files\Java\jdk1.8.0_181\jre\bin\net.dll
0x000007fefc7a0000 - 0x000007fefc7f5000 	C:\Windows\system32\mswsock.dll
0x000007fefc790000 - 0x000007fefc797000 	C:\Windows\System32\wship6.dll
0x000000005d680000 - 0x000000005d691000 	C:\Program Files\Java\jdk1.8.0_181\jre\bin\nio.dll
0x000007fef47b0000 - 0x000007fef47c2000 	C:\Users\pc\.gradle\native\19\windows-amd64\native-platform.dll
0x0000000180000000 - 0x0000000180037000 	C:\Users\pc\.gradle\native\jna\win32-amd64\jnidispatch.dll
0x000007fefc800000 - 0x000007fefc818000 	C:\Windows\system32\CRYPTSP.dll
0x000007fefc500000 - 0x000007fefc547000 	C:\Windows\system32\rsaenh.dll
0x000007fefd370000 - 0x000007fefd38f000 	C:\Windows\system32\USERENV.dll
0x000007fefceb0000 - 0x000007fefcebf000 	C:\Windows\system32\CRYPTBASE.dll
0x000007fefa570000 - 0x000007fefa597000 	C:\Windows\system32\IPHLPAPI.DLL
0x000007fefa560000 - 0x000007fefa56b000 	C:\Windows\system32\WINNSI.DLL
0x000007fefa370000 - 0x000007fefa388000 	C:\Windows\system32\dhcpcsvc.DLL
0x000007fefa350000 - 0x000007fefa361000 	C:\Windows\system32\dhcpcsvc6.DLL
0x000000005d670000 - 0x000000005d67d000 	C:\Program Files\Java\jdk1.8.0_181\jre\bin\management.dll
0x000007fefce50000 - 0x000007fefcea7000 	C:\Windows\system32\apphelp.dll

VM Arguments:
jvm_args: -Dorg.gradle.appname=gradlew 
java_command: org.gradle.wrapper.GradleWrapperMain assembleRelease
java_class_path (initial): D:\RN\work\BCRealm-reactNative_0905_0\BCRealm-reactNative\android\\gradle\wrapper\gradle-wrapper.jar
Launcher Type: SUN_STANDARD

Environment Variables:
JAVA_HOME=C:\Program Files\Java\jdk1.8.0_181
CLASSPATH=D:\RN\work\BCRealm-reactNative_0905_0\BCRealm-reactNative\android\\gradle\wrapper\gradle-wrapper.jar
PATH=C:\Program Files (x86)\Common Files\Oracle\Java\javapath;C:\Windows\system32;C:\Windows;C:\Windows\System32\Wbem;C:\Windows\System32\WindowsPowerShell\v1.0\;D:\Git\Git\cmd;C:\Program Files\TortoiseGit\bin;C:\SVN\bin;C:\RN\Microsoft VS Code\bin;D:\Node\;C:\Program Files\Java\jdk1.8.0_181\bin;C:\Users\pc\AppData\Local\Android\Sdk\tools;C:\Users\pc\AppData\Local\Android\Sdk\platform-tools;C:\Users\pc\AppData\Roaming\npm
USERNAME=pc
OS=Windows_NT
PROCESSOR_IDENTIFIER=Intel64 Family 6 Model 158 Stepping 9, GenuineIntel



---------------  S Y S T E M  ---------------

OS: Windows 7 , 64 bit Build 7601 (6.1.7601.24150)

CPU:total 4 (initial active 4) (4 cores per cpu, 1 threads per core) family 6 model 158 stepping 9, cmov, cx8, fxsr, mmx, sse, sse2, sse3, ssse3, sse4.1, sse4.2, popcnt, avx, avx2, aes, clmul, erms, rtm, 3dnowpref, lzcnt, tsc, tscinvbit, bmi1, bmi2, adx

Memory: 4k page, physical 8278148k(1596744k free), swap 12470576k(4396k free)

vm_info: Java HotSpot(TM) 64-Bit Server VM (25.181-b13) for windows-amd64 JRE (1.8.0_181-b13), built on Jul  7 2018 04:01:33 by "java_re" with MS VC++ 10.0 (VS2010)

time: Thu Sep 06 17:24:19 2018
elapsed time: 41 seconds (0d 0h 0m 41s)

