#
# There is insufficient memory for the Java Runtime Environment to continue.
# Native memory allocation (malloc) failed to allocate 131088 bytes for Chunk::new
# Possible reasons:
#   The system is out of physical RAM or swap space
#   In 32 bit mode, the process size limit was hit
# Possible solutions:
#   Reduce memory load on the system
#   Increase physical memory or swap space
#   Check if swap backing store is full
#   Use 64 bit Java on a 64 bit OS
#   Decrease Java heap size (-Xmx/-Xms)
#   Decrease number of Java threads
#   Decrease Java thread stack sizes (-Xss)
#   Set larger code cache with -XX:ReservedCodeCacheSize=
# This output file may be truncated or incomplete.
#
#  Out of Memory Error (allocation.cpp:390), pid=18220, tid=0x00000000000049e8
#
# JRE version: Java(TM) SE Runtime Environment (8.0_181-b13) (build 1.8.0_181-b13)
# Java VM: Java HotSpot(TM) 64-Bit Server VM (25.181-b13 mixed mode windows-amd64 compressed oops)
# Failed to write core dump. Minidumps are not enabled by default on client versions of Windows
#

---------------  T H R E A D  ---------------

Current thread (0x0000000054ecd000):  JavaThread "C2 CompilerThread0" daemon [_thread_in_native, id=18920, stack(0x0000000056a50000,0x0000000056b50000)]

Stack: [0x0000000056a50000,0x0000000056b50000]
[error occurred during error reporting (printing stack bounds), id 0xc0000005]

Native frames: (J=compiled Java code, j=interpreted, Vv=VM code, C=native code)


Current CompileTask:
C2:   3302 1742       4       com.android.dx.ssa.SCCP::run (298 bytes)


---------------  P R O C E S S  ---------------

Java Threads: ( => current thread )
  0x00000000566d5800 JavaThread "pool-1-thread-4" [_thread_blocked, id=20440, stack(0x0000000057430000,0x0000000057530000)]
  0x00000000566d4800 JavaThread "pool-1-thread-3" [_thread_blocked, id=25668, stack(0x0000000057560000,0x0000000057660000)]
  0x00000000566d1000 JavaThread "pool-1-thread-2" [_thread_blocked, id=26012, stack(0x0000000056940000,0x0000000056a40000)]
  0x00000000566d0000 JavaThread "pool-2-thread-1" [_thread_blocked, id=14248, stack(0x0000000057330000,0x0000000057430000)]
  0x00000000566cf800 JavaThread "pool-1-thread-1" [_thread_blocked, id=18020, stack(0x00000000571d0000,0x00000000572d0000)]
  0x00000000563c5800 JavaThread "Service Thread" daemon [_thread_blocked, id=1980, stack(0x0000000056ed0000,0x0000000056fd0000)]
  0x00000000563c0800 JavaThread "C1 CompilerThread2" daemon [_thread_blocked, id=19724, stack(0x0000000056cf0000,0x0000000056df0000)]
  0x00000000563bf000 JavaThread "C2 CompilerThread1" daemon [_thread_in_native, id=17740, stack(0x0000000056bf0000,0x0000000056cf0000)]
=>0x0000000054ecd000 JavaThread "C2 CompilerThread0" daemon [_thread_in_native, id=18920, stack(0x0000000056a50000,0x0000000056b50000)]
  0x00000000563aa000 JavaThread "Attach Listener" daemon [_thread_blocked, id=18608, stack(0x00000000567d0000,0x00000000568d0000)]
  0x00000000563a9800 JavaThread "Signal Dispatcher" daemon [_thread_blocked, id=11032, stack(0x0000000055fc0000,0x00000000560c0000)]
  0x0000000054ead800 JavaThread "Finalizer" daemon [_thread_blocked, id=20324, stack(0x00000000562a0000,0x00000000563a0000)]
  0x0000000054e64000 JavaThread "Reference Handler" daemon [_thread_blocked, id=18876, stack(0x00000000560e0000,0x00000000561e0000)]
  0x000000000220f800 JavaThread "main" [_thread_blocked, id=16536, stack(0x00000000024d0000,0x00000000025d0000)]

Other Threads:
  0x0000000054e5e800 VMThread [stack: 0x0000000055eb0000,0x0000000055fb0000] [id=13872]
  0x00000000563cb000 WatcherThread [stack: 0x00000000570b0000,0x00000000571b0000] [id=16944]

VM state:not at safepoint (normal execution)

VM Mutex/Monitor currently owned by a thread: None

Heap:
 PSYoungGen      total 71680K, used 67278K [0x00000000eab00000, 0x00000000ef600000, 0x0000000100000000)
  eden space 66560K, 93% used [0x00000000eab00000,0x00000000ee7b9eb0,0x00000000eec00000)
  from space 5120K, 99% used [0x00000000ef100000,0x00000000ef5f99a0,0x00000000ef600000)
  to   space 5120K, 0% used [0x00000000eec00000,0x00000000eec00000,0x00000000ef100000)
 ParOldGen       total 87552K, used 6996K [0x00000000c0000000, 0x00000000c5580000, 0x00000000eab00000)
  object space 87552K, 7% used [0x00000000c0000000,0x00000000c06d5298,0x00000000c5580000)
 Metaspace       used 6296K, capacity 7154K, committed 7296K, reserved 1056768K
  class space    used 604K, capacity 618K, committed 640K, reserved 1048576K

Card table byte_map: [0x0000000011990000,0x0000000011ba0000] byte_map_base: 0x0000000011390000

Marking Bits: (ParMarkBitMap*) 0x000000005b252d00
 Begin Bits: [0x00000000122d0000, 0x00000000132d0000)
 End Bits:   [0x00000000132d0000, 0x00000000142d0000)

Polling page: 0x0000000000110000

CodeCache: size=245760Kb used=8172Kb max_used=8172Kb free=237587Kb
 bounds [0x00000000025d0000, 0x0000000002de0000, 0x00000000115d0000]
 total_blobs=2028 nmethods=1762 adapters=178
 compilation: enabled

Compilation events (10 events):
Event: 3.191 Thread 0x00000000563bf000 nmethod 1738 0x0000000002dafbd0 code [0x0000000002dafd20, 0x0000000002dafe58]
Event: 3.191 Thread 0x00000000563bf000 1748       4       com.android.dx.rop.code.RegisterSpecList::set (7 bytes)
Event: 3.191 Thread 0x00000000563bf000 nmethod 1748 0x0000000002db7bd0 code [0x0000000002db7d20, 0x0000000002db7e18]
Event: 3.191 Thread 0x00000000563bf000 1739       4       java.util.BitSet::nextClearBit (116 bytes)
Event: 3.192 Thread 0x00000000563bf000 nmethod 1739 0x0000000002db65d0 code [0x0000000002db6720, 0x0000000002db6838]
Event: 3.192 Thread 0x00000000563bf000 1750       4       com.android.dx.ssa.SsaMethod::onInsnsChanged (16 bytes)
Event: 3.192 Thread 0x00000000563bf000 nmethod 1750 0x0000000002d16e10 code [0x0000000002d16f40, 0x0000000002d16f98]
Event: 3.192 Thread 0x00000000563bf000 1735       4       com.android.dx.rop.cst.CstMemberRef::<init> (43 bytes)
Event: 3.193 Thread 0x00000000563bf000 nmethod 1735 0x0000000002db7910 code [0x0000000002db7a40, 0x0000000002db7af8]
Event: 3.220 Thread 0x00000000563bf000 1762   !   4       com.android.dx.cf.code.Ropper::processBlock (1101 bytes)

GC Heap History (4 events):
Event: 1.017 GC heap before
{Heap before GC invocations=1 (full 0):
 PSYoungGen      total 38400K, used 33280K [0x00000000eab00000, 0x00000000ed580000, 0x0000000100000000)
  eden space 33280K, 100% used [0x00000000eab00000,0x00000000ecb80000,0x00000000ecb80000)
  from space 5120K, 0% used [0x00000000ed080000,0x00000000ed080000,0x00000000ed580000)
  to   space 5120K, 0% used [0x00000000ecb80000,0x00000000ecb80000,0x00000000ed080000)
 ParOldGen       total 87552K, used 0K [0x00000000c0000000, 0x00000000c5580000, 0x00000000eab00000)
  object space 87552K, 0% used [0x00000000c0000000,0x00000000c0000000,0x00000000c5580000)
 Metaspace       used 6111K, capacity 7026K, committed 7296K, reserved 1056768K
  class space    used 603K, capacity 618K, committed 640K, reserved 1048576K
Event: 1.030 GC heap after
Heap after GC invocations=1 (full 0):
 PSYoungGen      total 38400K, used 5103K [0x00000000eab00000, 0x00000000ef600000, 0x0000000100000000)
  eden space 33280K, 0% used [0x00000000eab00000,0x00000000eab00000,0x00000000ecb80000)
  from space 5120K, 99% used [0x00000000ecb80000,0x00000000ed07bc98,0x00000000ed080000)
  to   space 5120K, 0% used [0x00000000ef100000,0x00000000ef100000,0x00000000ef600000)
 ParOldGen       total 87552K, used 1941K [0x00000000c0000000, 0x00000000c5580000, 0x00000000eab00000)
  object space 87552K, 2% used [0x00000000c0000000,0x00000000c01e57e0,0x00000000c5580000)
 Metaspace       used 6111K, capacity 7026K, committed 7296K, reserved 1056768K
  class space    used 603K, capacity 618K, committed 640K, reserved 1048576K
}
Event: 2.173 GC heap before
{Heap before GC invocations=2 (full 0):
 PSYoungGen      total 38400K, used 38383K [0x00000000eab00000, 0x00000000ef600000, 0x0000000100000000)
  eden space 33280K, 100% used [0x00000000eab00000,0x00000000ecb80000,0x00000000ecb80000)
  from space 5120K, 99% used [0x00000000ecb80000,0x00000000ed07bc98,0x00000000ed080000)
  to   space 5120K, 0% used [0x00000000ef100000,0x00000000ef100000,0x00000000ef600000)
 ParOldGen       total 87552K, used 1941K [0x00000000c0000000, 0x00000000c5580000, 0x00000000eab00000)
  object space 87552K, 2% used [0x00000000c0000000,0x00000000c01e57e0,0x00000000c5580000)
 Metaspace       used 6224K, capacity 7090K, committed 7296K, reserved 1056768K
  class space    used 604K, capacity 618K, committed 640K, reserved 1048576K
Event: 2.184 GC heap after
Heap after GC invocations=2 (full 0):
 PSYoungGen      total 71680K, used 5094K [0x00000000eab00000, 0x00000000ef600000, 0x0000000100000000)
  eden space 66560K, 0% used [0x00000000eab00000,0x00000000eab00000,0x00000000eec00000)
  from space 5120K, 99% used [0x00000000ef100000,0x00000000ef5f99a0,0x00000000ef600000)
  to   space 5120K, 0% used [0x00000000eec00000,0x00000000eec00000,0x00000000ef100000)
 ParOldGen       total 87552K, used 6996K [0x00000000c0000000, 0x00000000c5580000, 0x00000000eab00000)
  object space 87552K, 7% used [0x00000000c0000000,0x00000000c06d5298,0x00000000c5580000)
 Metaspace       used 6224K, capacity 7090K, committed 7296K, reserved 1056768K
  class space    used 604K, capacity 618K, committed 640K, reserved 1048576K
}

Deoptimization events (10 events):
Event: 2.156 Thread 0x00000000566cf800 Uncommon trap: reason=unstable_if action=reinterpret pc=0x0000000002b80264 method=com.android.dx.rop.code.RegisterSpec.equals(ILcom/android/dx/rop/type/TypeBearer;Lcom/android/dx/rop/code/LocalItem;)Z @ 42
Event: 2.159 Thread 0x00000000566cf800 Uncommon trap: reason=unstable_if action=reinterpret pc=0x00000000029866e0 method=com.android.dx.rop.code.RegisterSpec.equals(ILcom/android/dx/rop/type/TypeBearer;Lcom/android/dx/rop/code/LocalItem;)Z @ 42
Event: 2.230 Thread 0x00000000566d4800 Uncommon trap: reason=bimorphic action=maybe_recompile pc=0x0000000002c3d0e8 method=com.android.dx.cf.code.BytecodeArray.parseInstruction(ILcom/android/dx/cf/code/BytecodeArray$Visitor;)I @ 1357
Event: 2.230 Thread 0x00000000566d4800 Uncommon trap: reason=bimorphic action=maybe_recompile pc=0x0000000002c3d0e8 method=com.android.dx.cf.code.BytecodeArray.parseInstruction(ILcom/android/dx/cf/code/BytecodeArray$Visitor;)I @ 1357
Event: 2.230 Thread 0x00000000566d4800 Uncommon trap: reason=bimorphic action=maybe_recompile pc=0x0000000002c3c984 method=com.android.dx.cf.code.BytecodeArray.parseInstruction(ILcom/android/dx/cf/code/BytecodeArray$Visitor;)I @ 939
Event: 2.230 Thread 0x00000000566d4800 Uncommon trap: reason=bimorphic action=maybe_recompile pc=0x0000000002c3d0e8 method=com.android.dx.cf.code.BytecodeArray.parseInstruction(ILcom/android/dx/cf/code/BytecodeArray$Visitor;)I @ 1357
Event: 2.231 Thread 0x00000000566d4800 Uncommon trap: reason=class_check action=maybe_recompile pc=0x0000000002a72584 method=com.android.dx.ssa.NormalSsaInsn.accept(Lcom/android/dx/ssa/SsaInsn$Visitor;)V @ 9
Event: 2.232 Thread 0x00000000566d4800 Uncommon trap: reason=unstable_if action=reinterpret pc=0x0000000002b5e1f8 method=com.android.dx.ssa.SCCP.simulateStmt(Lcom/android/dx/ssa/SsaInsn;)V @ 53
Event: 3.118 Thread 0x00000000566d1000 Uncommon trap: reason=unstable_if action=reinterpret pc=0x0000000002b764e4 method=java.util.HashMap.putVal(ILjava/lang/Object;Ljava/lang/Object;ZZ)Ljava/lang/Object; @ 162
Event: 3.118 Thread 0x00000000566d1000 Uncommon trap: reason=unstable_if action=reinterpret pc=0x00000000029dfb78 method=java.util.HashMap.getNode(ILjava/lang/Object;)Ljava/util/HashMap$Node; @ 84

Classes redefined (0 events):
No events

Internal exceptions (2 events):
Event: 0.034 Thread 0x000000000220f800 Exception <a 'java/lang/NoSuchMethodError': Method sun.misc.Unsafe.defineClass(Ljava/lang/String;[BII)Ljava/lang/Class; name or signature does not match> (0x00000000eab07cb0) thrown at [C:\re\workspace\8-2-build-windows-amd64-cygwin\jdk8u181\11358\hotspot
Event: 0.035 Thread 0x000000000220f800 Exception <a 'java/lang/NoSuchMethodError': Method sun.misc.Unsafe.prefetchRead(Ljava/lang/Object;J)V name or signature does not match> (0x00000000eab07f98) thrown at [C:\re\workspace\8-2-build-windows-amd64-cygwin\jdk8u181\11358\hotspot\src\share\vm\prim

Events (10 events):
Event: 2.231 Thread 0x00000000566d4800 DEOPT UNPACKING pc=0x000000000261583b sp=0x000000005765e740 mode 2
Event: 2.232 Thread 0x00000000566d4800 Uncommon trap: trap_request=0xffffff65 fr.pc=0x0000000002b5e1f8
Event: 2.232 Thread 0x00000000566d4800 DEOPT PACKING pc=0x0000000002b5e1f8 sp=0x000000005765e770
Event: 2.232 Thread 0x00000000566d4800 DEOPT UNPACKING pc=0x000000000261583b sp=0x000000005765e758 mode 2
Event: 3.118 Thread 0x00000000566d1000 Uncommon trap: trap_request=0xffffff65 fr.pc=0x0000000002b764e4
Event: 3.118 Thread 0x00000000566d1000 DEOPT PACKING pc=0x0000000002b764e4 sp=0x0000000056a3e5e0
Event: 3.118 Thread 0x00000000566d1000 DEOPT UNPACKING pc=0x000000000261583b sp=0x0000000056a3e568 mode 2
Event: 3.118 Thread 0x00000000566d1000 Uncommon trap: trap_request=0xffffff65 fr.pc=0x00000000029dfb78
Event: 3.118 Thread 0x00000000566d1000 DEOPT PACKING pc=0x00000000029dfb78 sp=0x0000000056a3e610
Event: 3.118 Thread 0x00000000566d1000 DEOPT UNPACKING pc=0x000000000261583b sp=0x0000000056a3e598 mode 2


Dynamic libraries:
0x000000013f3d0000 - 0x000000013f407000 	C:\Program Files\Java\jdk1.8.0_181\bin\java.exe
0x0000000077340000 - 0x00000000774df000 	C:\Windows\SYSTEM32\ntdll.dll
0x0000000077120000 - 0x000000007723f000 	C:\Windows\system32\kernel32.dll
0x000007fefd2a0000 - 0x000007fefd30a000 	C:\Windows\system32\KERNELBASE.dll
0x000007feff550000 - 0x000007feff62b000 	C:\Windows\system32\ADVAPI32.dll
0x000007fefd520000 - 0x000007fefd5bf000 	C:\Windows\system32\msvcrt.dll
0x000007fefd5c0000 - 0x000007fefd5df000 	C:\Windows\SYSTEM32\sechost.dll
0x000007fefd3f0000 - 0x000007fefd51d000 	C:\Windows\system32\RPCRT4.dll
0x0000000077240000 - 0x000000007733a000 	C:\Windows\system32\USER32.dll
0x000007feff4e0000 - 0x000007feff547000 	C:\Windows\system32\GDI32.dll
0x000007fefeab0000 - 0x000007fefeabe000 	C:\Windows\system32\LPK.dll
0x000007fefdc50000 - 0x000007fefdd1b000 	C:\Windows\system32\USP10.dll
0x000007fefba60000 - 0x000007fefbc54000 	C:\Windows\WinSxS\amd64_microsoft.windows.common-controls_6595b64144ccf1df_6.0.7601.23403_none_e36ad4593102f066\COMCTL32.dll
0x000007fefebf0000 - 0x000007fefec61000 	C:\Windows\system32\SHLWAPI.dll
0x000007fefd5f0000 - 0x000007fefd61e000 	C:\Windows\system32\IMM32.DLL
0x000007feff1f0000 - 0x000007feff2f9000 	C:\Windows\system32\MSCTF.dll
0x000000005d470000 - 0x000000005d542000 	C:\Program Files\Java\jdk1.8.0_181\jre\bin\msvcr100.dll
0x000000005aa30000 - 0x000000005b2d2000 	C:\Program Files\Java\jdk1.8.0_181\jre\bin\server\jvm.dll
0x000007fefa890000 - 0x000007fefa899000 	C:\Windows\system32\WSOCK32.dll
0x000007fefeac0000 - 0x000007fefeb0d000 	C:\Windows\system32\WS2_32.dll
0x000007fefd5e0000 - 0x000007fefd5e8000 	C:\Windows\system32\NSI.dll
0x000007fefab90000 - 0x000007fefabcb000 	C:\Windows\system32\WINMM.dll
0x000007fefc0f0000 - 0x000007fefc0fc000 	C:\Windows\system32\VERSION.dll
0x00000000774e0000 - 0x00000000774e7000 	C:\Windows\system32\PSAPI.DLL
0x0000000066da0000 - 0x0000000066daf000 	C:\Program Files\Java\jdk1.8.0_181\jre\bin\verify.dll
0x000000005d6a0000 - 0x000000005d6c9000 	C:\Program Files\Java\jdk1.8.0_181\jre\bin\java.dll
0x000000005f160000 - 0x000000005f176000 	C:\Program Files\Java\jdk1.8.0_181\jre\bin\zip.dll
0x000007fefdd20000 - 0x000007fefeaaa000 	C:\Windows\system32\SHELL32.dll
0x000007fefd9b0000 - 0x000007fefdbad000 	C:\Windows\system32\ole32.dll
0x000007fefd020000 - 0x000007fefd02f000 	C:\Windows\system32\profapi.dll

VM Arguments:
jvm_args: -Djava.awt.headless=true -Xmx1024M -Dfile.encoding=GBK -Duser.country=CN -Duser.language=zh -Duser.variant 
java_command: com.android.dx.command.Main --dex --num-threads=4 --output D:\RN\work\BCRealm-reactNative_0905_0\BCRealm-reactNative\android\app\build\intermediates\pre-dexed\release\com.android.support-support-compat-25.2.0_fa091030016b0df3355b5a1cc31b3ed3903b3aca.jar D:\RN\work\BCRealm-reactNative_0905_0\BCRealm-reactNative\android\app\build\intermediates\exploded-aar\com.android.support\support-compat\25.2.0\jars\classes.jar
java_class_path (initial): C:\Users\pc\AppData\Local\Android\Sdk\build-tools\23.0.1\lib\dx.jar
Launcher Type: SUN_STANDARD

Environment Variables:
JAVA_HOME=C:\Program Files\Java\jdk1.8.0_181
CLASSPATH=D:\RN\work\BCRealm-reactNative_0905_0\BCRealm-reactNative\android\\gradle\wrapper\gradle-wrapper.jar
PATH=C:\Program Files (x86)\Common Files\Oracle\Java\javapath;C:\Windows\system32;C:\Windows;C:\Windows\System32\Wbem;C:\Windows\System32\WindowsPowerShell\v1.0\;D:\Git\Git\cmd;C:\Program Files\TortoiseGit\bin;C:\SVN\bin;C:\RN\Microsoft VS Code\bin;D:\Node\;C:\Program Files\Java\jdk1.8.0_181\bin;C:\Users\pc\AppData\Local\Android\Sdk\tools;C:\Users\pc\AppData\Local\Android\Sdk\platform-tools;C:\Users\pc\AppData\Roaming\npm
USERNAME=pc
OS=Windows_NT
PROCESSOR_IDENTIFIER=Intel64 Family 6 Model 158 Stepping 9, GenuineIntel



---------------  S Y S T E M  ---------------

OS: Windows 7 , 64 bit Build 7601 (6.1.7601.24150)

CPU:total 4 (initial active 4) (4 cores per cpu, 1 threads per core) family 6 model 158 stepping 9, cmov, cx8, fxsr, mmx, sse, sse2, sse3, ssse3, sse4.1, sse4.2, popcnt, avx, avx2, aes, clmul, erms, rtm, 3dnowpref, lzcnt, tsc, tscinvbit, bmi1, bmi2, adx

Memory: 4k page, physical 8278148k(1598740k free), swap 12470576k(5536k free)

vm_info: Java HotSpot(TM) 64-Bit Server VM (25.181-b13) for windows-amd64 JRE (1.8.0_181-b13), built on Jul  7 2018 04:01:33 by "java_re" with MS VC++ 10.0 (VS2010)

time: Thu Sep 06 17:24:19 2018
elapsed time: 3 seconds (0d 0h 0m 3s)

